<?xml version="1.0" encoding="UTF-8"?>
<testng-results total="1" passed="1" failed="0" skipped="0">
  <reporter-output>
  </reporter-output>
  <suite started-at="2024-12-22T13:57:06Z" name="Suite" finished-at="2024-12-22T13:57:13Z" duration-ms="7911">
    <groups>
    </groups>
    <test started-at="2024-12-22T13:57:06Z" name="Test" finished-at="2024-12-22T13:57:13Z" duration-ms="7911">
      <class name="testTwo.FileUploadDemo2">
        <test-method is-config="true" signature="setUp()[pri:0, instance:testTwo.FileUploadDemo2@345f69f3]" started-at="2024-12-22T14:57:06Z" name="setUp" finished-at="2024-12-22T14:57:10Z" duration-ms="4275" status="PASS">
          <reporter-output>
          </reporter-output>
        </test-method> <!-- setUp -->
        <test-method signature="robotTest()[pri:0, instance:testTwo.FileUploadDemo2@345f69f3]" started-at="2024-12-22T14:57:10Z" name="robotTest" finished-at="2024-12-22T14:57:13Z" duration-ms="3627" status="PASS">
          <reporter-output>
          </reporter-output>
        </test-method> <!-- robotTest -->
        <test-method is-config="true" signature="tearDown()[pri:0, instance:testTwo.FileUploadDemo2@345f69f3]" started-at="2024-12-22T14:57:13Z" name="tearDown" finished-at="2024-12-22T14:57:13Z" duration-ms="0" status="PASS">
          <reporter-output>
          </reporter-output>
        </test-method> <!-- tearDown -->
      </class> <!-- testTwo.FileUploadDemo2 -->
    </test> <!-- Test -->
  </suite> <!-- Suite -->
</testng-results>
